  precompiled.cpp
  creature.cpp
  entity.cpp
  floor.cpp
C:\Users\Qaysi\ProgramProjects\VSProjects\Xyla\Xyla\src\floor.cpp(15,33): warning C4244: 'argument': conversion from 'float' to 'const unsigned __int64', possible loss of data
C:\Users\Qaysi\ProgramProjects\VSProjects\Xyla\Xyla\src\floor.cpp(17,19): warning C4244: 'argument': conversion from 'float' to 'const unsigned __int64', possible loss of data
C:\Users\Qaysi\ProgramProjects\VSProjects\Xyla\Xyla\src\floor.cpp(43,65): warning C4244: 'argument': conversion from 'float' to 'int', possible loss of data
C:\Users\Qaysi\ProgramProjects\VSProjects\Xyla\Xyla\src\floor.cpp(49,57): warning C4244: 'argument': conversion from 'float' to 'int', possible loss of data
C:\Users\Qaysi\ProgramProjects\VSProjects\Xyla\Xyla\src\floor.cpp(54,16): warning C4244: 'argument': conversion from 'time_t' to 'unsigned int', possible loss of data
C:\Users\Qaysi\ProgramProjects\VSProjects\Xyla\Xyla\src\floor.cpp(66,13): warning C4244: 'initializing': conversion from 'T' to 'int', possible loss of data
          with
          [
              T=float
          ]
C:\Users\Qaysi\ProgramProjects\VSProjects\Xyla\Xyla\src\floor.cpp(67,14): warning C4244: 'initializing': conversion from 'T' to 'int', possible loss of data
          with
          [
              T=float
          ]
C:\Users\Qaysi\ProgramProjects\VSProjects\Xyla\Xyla\src\floor.cpp(80,13): warning C4244: 'initializing': conversion from 'T' to 'int', possible loss of data
          with
          [
              T=float
          ]
C:\Users\Qaysi\ProgramProjects\VSProjects\Xyla\Xyla\src\floor.cpp(81,14): warning C4244: 'initializing': conversion from 'T' to 'int', possible loss of data
          with
          [
              T=float
          ]
C:\Users\Qaysi\ProgramProjects\VSProjects\Xyla\Xyla\src\floor.cpp(113,15): warning C4244: 'initializing': conversion from 'T' to 'int', possible loss of data
          with
          [
              T=float
          ]
C:\Users\Qaysi\ProgramProjects\VSProjects\Xyla\Xyla\src\floor.cpp(114,16): warning C4244: 'initializing': conversion from 'T' to 'int', possible loss of data
          with
          [
              T=float
          ]
C:\Users\Qaysi\ProgramProjects\VSProjects\Xyla\Xyla\src\floor.cpp(150,48): warning C4244: 'argument': conversion from 'float' to 'int', possible loss of data
C:\Users\Qaysi\ProgramProjects\VSProjects\Xyla\Xyla\src\floor.cpp(151,77): warning C4244: 'argument': conversion from 'float' to 'int', possible loss of data
C:\Users\Qaysi\ProgramProjects\VSProjects\Xyla\Xyla\src\floor.cpp(156,71): warning C4244: 'argument': conversion from 'float' to 'int', possible loss of data
C:\Users\Qaysi\ProgramProjects\VSProjects\Xyla\Xyla\src\floor.cpp(193,32): warning C4244: 'argument': conversion from 'float' to 'const unsigned __int64', possible loss of data
C:\Users\Qaysi\ProgramProjects\VSProjects\Xyla\Xyla\src\floor.cpp(195,19): warning C4244: 'argument': conversion from 'float' to 'const unsigned __int64', possible loss of data
C:\Users\Qaysi\ProgramProjects\VSProjects\Xyla\Xyla\src\floor.cpp(201,14): warning C4244: 'initializing': conversion from 'T' to 'int', possible loss of data
          with
          [
              T=float
          ]
C:\Users\Qaysi\ProgramProjects\VSProjects\Xyla\Xyla\src\floor.cpp(202,15): warning C4244: 'initializing': conversion from 'T' to 'int', possible loss of data
          with
          [
              T=float
          ]
C:\Users\Qaysi\ProgramProjects\VSProjects\Xyla\Xyla\src\floor.cpp(207,14): warning C4244: 'initializing': conversion from 'T' to 'int', possible loss of data
          with
          [
              T=float
          ]
C:\Users\Qaysi\ProgramProjects\VSProjects\Xyla\Xyla\src\floor.cpp(208,36): warning C4244: 'argument': conversion from 'T' to 'const unsigned __int64', possible loss of data
          with
          [
              T=float
          ]
C:\Users\Qaysi\ProgramProjects\VSProjects\Xyla\Xyla\src\floor.cpp(209,60): warning C4244: 'argument': conversion from 'T' to 'const unsigned __int64', possible loss of data
          with
          [
              T=float
          ]
C:\Users\Qaysi\ProgramProjects\VSProjects\Xyla\Xyla\src\floor.cpp(211,14): warning C4244: 'initializing': conversion from 'T' to 'int', possible loss of data
          with
          [
              T=float
          ]
C:\Users\Qaysi\ProgramProjects\VSProjects\Xyla\Xyla\src\floor.cpp(212,33): warning C4244: 'argument': conversion from 'T' to 'const unsigned __int64', possible loss of data
          with
          [
              T=float
          ]
C:\Users\Qaysi\ProgramProjects\VSProjects\Xyla\Xyla\src\floor.cpp(213,58): warning C4244: 'argument': conversion from 'T' to 'const unsigned __int64', possible loss of data
          with
          [
              T=float
          ]
C:\Users\Qaysi\ProgramProjects\VSProjects\Xyla\Xyla\src\floor.cpp(234,14): warning C4244: 'initializing': conversion from 'double' to 'int', possible loss of data
C:\Users\Qaysi\ProgramProjects\VSProjects\Xyla\Xyla\src\floor.cpp(293,18): warning C4267: 'initializing': conversion from 'size_t' to 'int', possible loss of data
C:\Users\Qaysi\ProgramProjects\VSProjects\Xyla\Xyla\src\floor.cpp(356,14): warning C4244: 'initializing': conversion from 'double' to 'int', possible loss of data
C:\Users\Qaysi\ProgramProjects\VSProjects\Xyla\Xyla\src\floor.cpp(544,38): warning C4267: 'initializing': conversion from 'size_t' to 'int', possible loss of data
C:\Users\Qaysi\ProgramProjects\VSProjects\Xyla\Xyla\src\floor.cpp(552,25): warning C4267: 'initializing': conversion from 'size_t' to 'int', possible loss of data
C:\Users\Qaysi\ProgramProjects\VSProjects\Xyla\Xyla\src\floor.cpp(669,37): warning C4267: 'initializing': conversion from 'size_t' to 'int', possible loss of data
C:\Users\Qaysi\ProgramProjects\VSProjects\Xyla\Xyla\src\floor.cpp(694,12): warning C4244: 'argument': conversion from 'time_t' to 'unsigned int', possible loss of data
C:\Users\Qaysi\ProgramProjects\VSProjects\Xyla\Xyla\src\floor.cpp(717,80): warning C4244: 'argument': conversion from 'T' to 'int', possible loss of data
          with
          [
              T=float
          ]
C:\Users\Qaysi\ProgramProjects\VSProjects\Xyla\Xyla\src\floor.cpp(717,35): warning C4244: 'argument': conversion from 'T' to 'int', possible loss of data
          with
          [
              T=float
          ]
C:\Users\Qaysi\ProgramProjects\VSProjects\Xyla\Xyla\src\floor.cpp(721,80): warning C4244: 'argument': conversion from 'T' to 'int', possible loss of data
          with
          [
              T=float
          ]
C:\Users\Qaysi\ProgramProjects\VSProjects\Xyla\Xyla\src\floor.cpp(721,35): warning C4244: 'argument': conversion from 'T' to 'int', possible loss of data
          with
          [
              T=float
          ]
C:\Users\Qaysi\ProgramProjects\VSProjects\Xyla\Xyla\src\floor.cpp(724,79): warning C4244: 'argument': conversion from 'T' to 'int', possible loss of data
          with
          [
              T=float
          ]
C:\Users\Qaysi\ProgramProjects\VSProjects\Xyla\Xyla\src\floor.cpp(724,35): warning C4244: 'argument': conversion from 'T' to 'int', possible loss of data
          with
          [
              T=float
          ]
C:\Users\Qaysi\ProgramProjects\VSProjects\Xyla\Xyla\src\floor.cpp(728,79): warning C4244: 'argument': conversion from 'T' to 'int', possible loss of data
          with
          [
              T=float
          ]
C:\Users\Qaysi\ProgramProjects\VSProjects\Xyla\Xyla\src\floor.cpp(728,35): warning C4244: 'argument': conversion from 'T' to 'int', possible loss of data
          with
          [
              T=float
          ]
C:\Users\Qaysi\ProgramProjects\VSProjects\Xyla\Xyla\src\floor.cpp(732,70): warning C4244: 'argument': conversion from 'float' to 'int', possible loss of data
C:\Users\Qaysi\ProgramProjects\VSProjects\Xyla\Xyla\src\floor.cpp(922,22): warning C4244: 'argument': conversion from 'time_t' to 'unsigned int', possible loss of data
C:\Users\Qaysi\ProgramProjects\VSProjects\Xyla\Xyla\src\floor.cpp(923,9): warning C4244: 'initializing': conversion from 'float' to 'int', possible loss of data
C:\Users\Qaysi\ProgramProjects\VSProjects\Xyla\Xyla\src\floor.cpp(926,22): warning C4244: 'argument': conversion from 'time_t' to 'unsigned int', possible loss of data
C:\Users\Qaysi\ProgramProjects\VSProjects\Xyla\Xyla\src\floor.cpp(946,22): warning C4244: 'argument': conversion from 'time_t' to 'unsigned int', possible loss of data
C:\Users\Qaysi\ProgramProjects\VSProjects\Xyla\Xyla\src\floor.cpp(947,9): warning C4244: 'initializing': conversion from 'float' to 'int', possible loss of data
C:\Users\Qaysi\ProgramProjects\VSProjects\Xyla\Xyla\src\floor.cpp(1001,21): warning C4244: 'argument': conversion from 'time_t' to 'unsigned int', possible loss of data
C:\Users\Qaysi\ProgramProjects\VSProjects\Xyla\Xyla\src\floor.cpp(1002,55): warning C4267: 'argument': conversion from 'size_t' to 'int', possible loss of data
  floorCT.cpp
C:\Users\Qaysi\ProgramProjects\VSProjects\Xyla\Xyla\src\floorCT.cpp(64,12): warning C4996: 'sf::Text::setColor': was declared deprecated
  game.cpp
C:\Users\Qaysi\ProgramProjects\VSProjects\Xyla\Xyla\src\game.cpp(45,12): warning C4244: 'argument': conversion from 'time_t' to 'unsigned int', possible loss of data
C:\Users\Qaysi\ProgramProjects\VSProjects\Xyla\Xyla\src\game.cpp(46,76): warning C4267: 'argument': conversion from 'size_t' to 'int', possible loss of data
C:\Users\Qaysi\ProgramProjects\VSProjects\Xyla\Xyla\src\game.cpp(46,8): warning C4244: 'initializing': conversion from 'float' to 'int', possible loss of data
  gameCT.cpp
C:\Users\Qaysi\ProgramProjects\VSProjects\Xyla\Xyla\src\gameCT.cpp(22,6): warning C4996: 'sf::Text::setColor': was declared deprecated
  main.cpp
C:\Users\Qaysi\ProgramProjects\VSProjects\Xyla\Xyla\src\main.cpp(26,12): warning C4244: 'initializing': conversion from 'time_t' to 'int', possible loss of data
  mathematics.cpp
  player.cpp
C:\Users\Qaysi\ProgramProjects\VSProjects\Xyla\Xyla\src\player.cpp(11,17): warning C4244: 'argument': conversion from 'time_t' to 'unsigned int', possible loss of data
C:\Users\Qaysi\ProgramProjects\VSProjects\Xyla\Xyla\src\player.cpp(88,13): warning C4244: 'initializing': conversion from 'T' to 'int', possible loss of data
          with
          [
              T=float
          ]
C:\Users\Qaysi\ProgramProjects\VSProjects\Xyla\Xyla\src\player.cpp(89,14): warning C4244: 'initializing': conversion from 'T' to 'int', possible loss of data
          with
          [
              T=float
          ]
  playerCT.cpp
C:\Users\Qaysi\ProgramProjects\VSProjects\Xyla\Xyla\src\playerCT.cpp(27,11): warning C4996: 'sf::Text::setColor': was declared deprecated
C:\Users\Qaysi\ProgramProjects\VSProjects\Xyla\Xyla\src\playerCT.cpp(42,13): warning C4996: 'sf::Text::setColor': was declared deprecated
  room.cpp
C:\Users\Qaysi\ProgramProjects\VSProjects\Xyla\Xyla\src\room.cpp(42,38): warning C4267: 'initializing': conversion from 'size_t' to 'int', possible loss of data
C:\Users\Qaysi\ProgramProjects\VSProjects\Xyla\Xyla\src\room.cpp(43,40): warning C4267: 'initializing': conversion from 'size_t' to 'int', possible loss of data
  roomCT.cpp
  Generating Code...
C:\Users\Qaysi\ProgramProjects\VSProjects\Xyla\Xyla\src\room.cpp(106): warning C4715: 'Room::getNeighbor': not all control paths return a value
  Xyla.vcxproj -> C:\Users\Qaysi\ProgramProjects\VSProjects\Xyla\Xyla\..\output\Debug-windows-x86_64\Xyla\Xyla.exe
